--- EMAIL SENT [2026-02-10 07:53:49] ---
To: test@example.com
Subject: Backtest Subject
Body:
Body content
SMTP Config: {"smtp_host":"smtp.example.com","smtp_port":"587","smtp_user":"user@example.com","smtp_pass":"","smtp_encryption":"tls"}
-----------------------------------------

--- EMAIL SENT [2026-02-10 08:08:47] ---
To: test@example.com
Subject: Backtest Subject
Body:
Body content
SMTP Config: {"smtp_host":"smtp.example.com","smtp_port":"587","smtp_user":"user@example.com","smtp_pass":"","smtp_encryption":"tls"}
-----------------------------------------

--- EMAIL SENT [2026-02-10 08:09:55] ---
To: test@example.com
Subject: Backtest Subject
Body:
Body content
SMTP Config: {"smtp_host":"smtp.example.com","smtp_port":"587","smtp_user":"user@example.com","smtp_pass":"","smtp_encryption":"tls"}
-----------------------------------------

--- EMAIL SENT [2026-02-10 08:14:05] ---
To: test@example.com
Subject: Backtest Subject
Body:
Body content
SMTP Config: {"smtp_host":"smtp.example.com","smtp_port":"587","smtp_user":"user@example.com","smtp_pass":"","smtp_encryption":"tls"}
-----------------------------------------

--- EMAIL SENT [2026-02-10 08:15:20] ---
To: test@example.com
Subject: Backtest Subject
Body:
Body content
SMTP Config: {"smtp_host":"smtp.example.com","smtp_port":"587","smtp_user":"user@example.com","smtp_pass":"","smtp_encryption":"tls"}
-----------------------------------------

--- EMAIL SENT [2026-02-10 08:15:25] ---
To: test@example.com
Subject: Backtest Subject
Body:
Body content
SMTP Config: {"smtp_host":"smtp.example.com","smtp_port":"587","smtp_user":"user@example.com","smtp_pass":"","smtp_encryption":"tls"}
-----------------------------------------

--- EMAIL SENT [2026-02-10 08:15:29] ---
To: test@example.com
Subject: Backtest Subject
Body:
Body content
SMTP Config: {"smtp_host":"smtp.example.com","smtp_port":"587","smtp_user":"user@example.com","smtp_pass":"","smtp_encryption":"tls"}
-----------------------------------------

--- EMAIL SENT [2026-02-10 08:15:59] ---
To: test@example.com
Subject: Backtest Subject
Body:
Body content
SMTP Config: {"smtp_host":"smtp.example.com","smtp_port":"587","smtp_user":"user@example.com","smtp_pass":"","smtp_encryption":"tls"}
-----------------------------------------

--- EMAIL SENT [2026-02-10 08:16:20] ---
To: test@example.com
Subject: Backtest Subject
Body:
Body content
SMTP Config: {"smtp_host":"smtp.example.com","smtp_port":"587","smtp_user":"user@example.com","smtp_pass":"","smtp_encryption":"tls"}
-----------------------------------------

--- EMAIL SENT [2026-02-10 08:17:25] ---
To: test@example.com
Subject: Backtest Subject
Body:
Body content
SMTP Config: {"smtp_host":"smtp.example.com","smtp_port":"587","smtp_user":"user@example.com","smtp_pass":"","smtp_encryption":"tls"}
-----------------------------------------

--- EMAIL SENT [2026-02-10 08:19:25] ---
To: test@example.com
Subject: Backtest Subject
Body:
Body content
SMTP Config: {"smtp_host":"smtp.example.com","smtp_port":"587","smtp_user":"user@example.com","smtp_pass":"","smtp_encryption":"tls"}
-----------------------------------------

--- EMAIL SENT [2026-02-10 08:28:11] ---
To: test@example.com
Subject: Backtest Subject
Body:
Body content
SMTP Config: {"smtp_host":"smtp.example.com","smtp_port":"587","smtp_user":"user@example.com","smtp_pass":"","smtp_encryption":"tls"}
-----------------------------------------

--- EMAIL SENT [2026-02-10 08:29:30] ---
To: test@example.com
Subject: Backtest Subject
Body:
Body content
SMTP Config: {"smtp_host":"smtp.example.com","smtp_port":"587","smtp_user":"user@example.com","smtp_pass":"","smtp_encryption":"tls"}
-----------------------------------------

--- EMAIL SENT [2026-02-10 08:29:44] ---
To: test@example.com
Subject: Backtest Subject
Body:
Body content
SMTP Config: {"smtp_host":"smtp.example.com","smtp_port":"587","smtp_user":"user@example.com","smtp_pass":"","smtp_encryption":"tls"}
-----------------------------------------

--- EMAIL SENT [2026-02-10 08:31:18] ---
To: test@example.com
Subject: Backtest Subject
Body:
Body content
SMTP Config: {"smtp_host":"smtp.example.com","smtp_port":"587","smtp_user":"user@example.com","smtp_pass":"","smtp_encryption":"tls"}
-----------------------------------------

--- EMAIL SENT [2026-02-10 08:31:48] ---
To: test@example.com
Subject: Backtest Subject
Body:
Body content
SMTP Config: {"smtp_host":"smtp.example.com","smtp_port":"587","smtp_user":"user@example.com","smtp_pass":"","smtp_encryption":"tls"}
-----------------------------------------

--- EMAIL SENT [2026-02-10 08:45:11] ---
To: test@example.com
Subject: Backtest Subject
Body:
Body content
SMTP Config: {"smtp_host":"smtp.example.com","smtp_port":"587","smtp_user":"user@example.com","smtp_pass":"","smtp_encryption":"tls"}
-----------------------------------------

--- EMAIL SENT [2026-02-10 08:46:49] ---
To: test@example.com
Subject: Backtest Subject
Body:
Body content
SMTP Config: {"smtp_host":"smtp.example.com","smtp_port":"587","smtp_user":"user@example.com","smtp_pass":"","smtp_encryption":"tls"}
-----------------------------------------

--- EMAIL SENT [2026-02-10 08:48:58] ---
To: test@example.com
Subject: Backtest Subject
Body:
Body content
SMTP Config: {"smtp_host":"smtp.example.com","smtp_port":"587","smtp_user":"user@example.com","smtp_pass":"","smtp_encryption":"tls"}
-----------------------------------------

--- EMAIL SENT [2026-02-10 08:53:06] ---
To: test@example.com
Subject: Backtest Subject
Body:
Body content
SMTP Config: {"smtp_host":"smtp.example.com","smtp_port":"587","smtp_user":"user@example.com","smtp_pass":"","smtp_encryption":"tls"}
-----------------------------------------

--- EMAIL SENT [2026-02-10 09:59:41] ---
To: test@example.com
Subject: Backtest Subject
Body:
Body content
SMTP Config: {"smtp_host":"smtp.example.com","smtp_port":"587","smtp_user":"user@example.com","smtp_pass":"","smtp_encryption":"tls"}
-----------------------------------------

--- EMAIL SENT [2026-02-10 10:12:42] ---
To: test@example.com
Subject: Backtest Subject
Body:
Body content
SMTP Config: {"smtp_host":"smtp.example.com","smtp_port":"587","smtp_user":"user@example.com","smtp_pass":"","smtp_encryption":"tls"}
-----------------------------------------

--- EMAIL SENT [2026-02-10 10:20:05] ---
To: test@example.com
Subject: Backtest Subject
Body:
Body content
SMTP Config: {"smtp_host":"smtp.example.com","smtp_port":"587","smtp_user":"user@example.com","smtp_pass":"","smtp_encryption":"tls"}
-----------------------------------------

--- EMAIL SENT [2026-02-10 10:23:06] ---
To: test@example.com
Subject: Backtest Subject
Body:
Body content
SMTP Config: {"smtp_host":"smtp.example.com","smtp_port":"587","smtp_user":"user@example.com","smtp_pass":"","smtp_encryption":"tls"}
-----------------------------------------

--- EMAIL SENT [2026-02-10 10:26:15] ---
To: test@example.com
Subject: Backtest Subject
Body:
Body content
SMTP Config: {"smtp_host":"smtp.example.com","smtp_port":"587","smtp_user":"user@example.com","smtp_pass":"","smtp_encryption":"tls"}
-----------------------------------------

--- EMAIL SENT [2026-02-10 10:30:54] ---
To: test@example.com
Subject: Backtest Subject
Body:
Body content
SMTP Config: {"smtp_host":"smtp.example.com","smtp_port":"587","smtp_user":"user@example.com","smtp_pass":"","smtp_encryption":"tls"}
-----------------------------------------

--- EMAIL SENT [2026-02-10 10:37:08] ---
To: test@example.com
Subject: Backtest Subject
Body:
Body content
SMTP Config: {"smtp_host":"smtp.example.com","smtp_port":"587","smtp_user":"user@example.com","smtp_pass":"","smtp_encryption":"tls"}
-----------------------------------------

--- EMAIL SENT [2026-02-10 10:50:24] ---
To: test@example.com
Subject: Backtest Subject
Body:
Body content
SMTP Config: {"smtp_host":"smtp.example.com","smtp_port":"587","smtp_user":"user@example.com","smtp_pass":"","smtp_encryption":"tls"}
-----------------------------------------

--- EMAIL SENT [2026-02-10 11:05:30] ---
To: test@example.com
Subject: Backtest Subject
Body:
Body content
SMTP Config: {"smtp_host":"smtp.example.com","smtp_port":"587","smtp_user":"user@example.com","smtp_pass":"","smtp_encryption":"tls"}
-----------------------------------------

--- EMAIL SENT [2026-02-10 11:14:04] ---
To: test@example.com
Subject: Backtest Subject
Body:
Body content
SMTP Config: {"smtp_host":"smtp.example.com","smtp_port":"587","smtp_user":"user@example.com","smtp_pass":"","smtp_encryption":"tls"}
-----------------------------------------

